  1.137522  0.061732  103.606039
  1.087528  0.060935  99.036443
  1.038078  0.053542  93.004160
  0.988112  0.055397  87.833145
  0.938819  0.047017  82.872890
  0.888852  0.045218  76.175213
  0.839094  0.040307  71.668053
  0.789094  0.040444  67.196922
  0.739328  0.035611  62.562665
  0.689329  0.035268  58.782727
  0.639332  0.034775  56.447522
  0.589332  0.034910  53.174597
  0.539765  0.028339  50.197655
  0.489772  0.027525  47.313630
  0.439813  0.025509  45.935157
  0.389822  0.026453  44.008174
  0.339868  0.024299  44.698430
  0.290093  0.019558  44.021811
  0.240113  0.018157  42.288703
  0.190187  0.015435  43.489557
  0.140265  0.012635  46.666900
  0.157397  0.059609  39.205704
  0.193956  0.093718  32.802920
  0.227182  0.131082  30.428632
  0.250174  0.175482  30.869403
  0.224709  0.218511  30.169153
  0.243323  0.264917  31.351424
  0.211317  0.303331  32.018310
  0.171144  0.333099  36.760362
  0.162182  0.382290  43.109942
  0.138613  0.426386  51.605443
  0.124533  0.474363  63.466946
  0.102620  0.519305  75.883594
  0.061325  0.547496  93.455832
  0.023074  0.579696  108.086894
  0.022765  0.629695  110.089347
  0.023074  0.679694  136.936449
  0.022776  0.680678  148.965338

